<?xml version="1.0" encoding="UTF-8"?>
<!-- Generated by org.testng.reporters.JUnitReportReporter -->
<testsuite hostname="rws1-nramos1.rws.ad.ea.com" name="com.test.integration.IntegrationTestNGTest" tests="1" failures="0" timestamp="15 Jan 2016 23:31:07 GMT" time="0.048" errors="0">
  <testcase name="randomTest" time="0.048" classname="com.test.integration.IntegrationTestNGTest"/>
</testsuite> <!-- com.test.integration.IntegrationTestNGTest -->
